<?xml version="1.0" encoding="UTF-8"?>
<!-- Generated by org.testng.reporters.JUnitReportReporter -->
<testsuite hostname="DESKTOP-5OAK7BC" failures="0" tests="1" name="muthusundar.ErrorValidation" time="4.691" errors="0" timestamp="2024-12-18T17:27:18 IST" skipped="0">
  <testcase classname="muthusundar.ErrorValidation" name="loginwithInvalidCredentials" time="4.691"/>
</testsuite> <!-- muthusundar.ErrorValidation -->
