<?xml version="1.0" encoding="UTF-8"?>
<!-- Generated by org.testng.reporters.JUnitReportReporter -->
<testsuite hostname="DESKTOP-5OAK7BC" failures="0" tests="3" name="muthusundar.SubmitOrderTest" time="47.418" errors="0" timestamp="2024-12-23T17:43:58 IST" skipped="0">
  <testcase classname="muthusundar.SubmitOrderTest" name="OrderHistoryTest" time="5.717"/>
  <testcase classname="muthusundar.SubmitOrderTest" name="submitOrder" time="19.545"/>
  <testcase classname="muthusundar.SubmitOrderTest" name="submitOrder" time="22.156"/>
</testsuite> <!-- muthusundar.SubmitOrderTest -->
