<?xml version="1.0" encoding="UTF-8"?>
<!-- Generated by org.testng.reporters.JUnitReportReporter -->
<testsuite hostname="DESKTOP-5OAK7BC" failures="0" tests="1" name="muthusundar.ErrorValidationTest" time="11.561" errors="0" timestamp="2025-01-31T08:08:33 IST" skipped="0">
  <testcase classname="muthusundar.ErrorValidationTest" name="loginwithInvalidCredentials" time="11.561"/>
</testsuite> <!-- muthusundar.ErrorValidationTest -->
